<?xml version="1.0" encoding="UTF-8"?>
<testsuite name="Scenario: Looking up the definition of 'apple'" tests="4" skipped="0" failures="2" errors="0" timestamp="2017-12-04T22:01:05" hostname="Saikats-MBP.local.tld" time="2.734">
  <properties/>
  <testcase name="Given the user is on the Wikionary home page" classname="Scenario: Looking up the definition of 'apple'" time="0.0"/>
  <testcase name="When the user looks up the definition of the word 'apple'" classname="Scenario: Looking up the definition of 'apple'" time="0.0"/>
  <testcase name="Then they should see the definition 'A common, round frt produced by the tree Malus domestica, cultivated in temperate climates.'" classname="Scenario: Looking up the definition of 'apple'" time="0.001">
    <failure message="java.lang.AssertionError: &#10;Expected: a collection containing a string containing &quot;A common, round frt produced by the tree Malus domestica, cultivated in temperate climates.&quot;&#10;     but: was &quot;A common, round fruit produced by the tree Malus domestica, cultivated in temperate climates. [from 9th c.] quotations ▼&quot;, was &quot;&quot;, was &quot;&quot;, was &quot;&quot;, was &quot;Any of various tree-borne fruits or vegetables especially considered as resembling an apple; also (with qualifying words) used to form the names of other specific fruits such as custard apple, rose apple, thorn apple etc. [from 9th c.] quotations ▼&quot;, was &quot;&quot;, was &quot;&quot;, was &quot;&quot;, was &quot;The fruit of the Tree of Knowledge, eaten by Adam and Eve according to post-Biblical Christian tradition; the forbidden fruit. [from 11th c.] quotations ▼&quot;, was &quot;&quot;, was &quot;&quot;, was &quot;A tree of the genus Malus, especially one cultivated for its edible fruit; the apple tree. [from 15th c.] quotations ▼&quot;, was &quot;&quot;, was &quot;&quot;, was &quot;&quot;, was &quot;&quot;, was &quot;The wood of the apple tree. [from 19th c.]&quot;, was &quot;(in the plural, Cockney rhyming slang) Short for apples and pears, slang for stairs. [from 20th c.]&quot;, was &quot;(baseball, slang, obsolete) The ball in baseball. [from 20th c.]&quot;, was &quot;(informal) When smiling, the round, fleshy part of the cheeks between the eyes and the corners of the mouth.&quot;, was &quot;(pejorative, ethnic slur) A Native American or red-skinned person who acts and/or thinks like a white (Caucasian) person. quotations ▼&quot;, was &quot;&quot;, was &quot;&quot;" type="java.lang.AssertionError">java.lang.AssertionError: 
Expected: a collection containing a string containing &quot;A common, round frt produced by the tree Malus domestica, cultivated in temperate climates.&quot;
     but: was &quot;A common, round fruit produced by the tree Malus domestica, cultivated in temperate climates. [from 9th c.] quotations ▼&quot;, was &quot;&quot;, was &quot;&quot;, was &quot;&quot;, was &quot;Any of various tree-borne fruits or vegetables especially considered as resembling an apple; also (with qualifying words) used to form the names of other specific fruits such as custard apple, rose apple, thorn apple etc. [from 9th c.] quotations ▼&quot;, was &quot;&quot;, was &quot;&quot;, was &quot;&quot;, was &quot;The fruit of the Tree of Knowledge, eaten by Adam and Eve according to post-Biblical Christian tradition; the forbidden fruit. [from 11th c.] quotations ▼&quot;, was &quot;&quot;, was &quot;&quot;, was &quot;A tree of the genus Malus, especially one cultivated for its edible fruit; the apple tree. [from 15th c.] quotations ▼&quot;, was &quot;&quot;, was &quot;&quot;, was &quot;&quot;, was &quot;&quot;, was &quot;The wood of the apple tree. [from 19th c.]&quot;, was &quot;(in the plural, Cockney rhyming slang) Short for apples and pears, slang for stairs. [from 20th c.]&quot;, was &quot;(baseball, slang, obsolete) The ball in baseball. [from 20th c.]&quot;, was &quot;(informal) When smiling, the round, fleshy part of the cheeks between the eyes and the corners of the mouth.&quot;, was &quot;(pejorative, ethnic slur) A Native American or red-skinned person who acts and/or thinks like a white (Caucasian) person. quotations ▼&quot;, was &quot;&quot;, was &quot;&quot;
	at org.hamcrest.MatcherAssert.assertThat(MatcherAssert.java:20)
	at org.hamcrest.MatcherAssert.assertThat(MatcherAssert.java:8)
	at application.steps.serenity.EndUserSteps.should_see_definition(EndUserSteps.java:28)
	at application.steps.serenity.EndUserSteps$$EnhancerByCGLIB$$bde4a7fb.CGLIB$should_see_definition$3(&lt;generated&gt;)
	at application.steps.serenity.EndUserSteps$$EnhancerByCGLIB$$bde4a7fb$$FastClassByCGLIB$$2a0ee4c4.invoke(&lt;generated&gt;)
	at net.sf.cglib.proxy.MethodProxy.invokeSuper(MethodProxy.java:228)
	at net.thucydides.core.steps.StepInterceptor.invokeMethod(StepInterceptor.java:395)
	at net.thucydides.core.steps.StepInterceptor.executeTestStepMethod(StepInterceptor.java:380)
	at net.thucydides.core.steps.StepInterceptor.runTestStep(StepInterceptor.java:355)
	at net.thucydides.core.steps.StepInterceptor.testStepResult(StepInterceptor.java:132)
	at net.thucydides.core.steps.StepInterceptor.intercept(StepInterceptor.java:61)
	at application.steps.serenity.EndUserSteps$$EnhancerByCGLIB$$bde4a7fb.should_see_definition(&lt;generated&gt;)
	at application.steps.DefinitionSteps.thenTheyShouldSeeADefinitionContainingTheWords(DefinitionSteps.java:26)
	at ✽.Then they should see the definition 'A common, round frt produced by the tree Malus domestica, cultivated in temperate climates.'(consult_dictionary/DefinitionApple.feature:10)
</failure>
  </testcase>
  <testcase name="classMethod" classname="Scenario: Looking up the definition of 'apple'" time="6.064">
    <failure message="java.lang.AssertionError: &#10;Expected: a collection containing a string containing &quot;A common, round frt produced by the tree Malus domestica, cultivated in temperate climates.&quot;&#10;     but: was &quot;A common, round fruit produced by the tree Malus domestica, cultivated in temperate climates. [from 9th c.] quotations ▼&quot;, was &quot;&quot;, was &quot;&quot;, was &quot;&quot;, was &quot;Any of various tree-borne fruits or vegetables especially considered as resembling an apple; also (with qualifying words) used to form the names of other specific fruits such as custard apple, rose apple, thorn apple etc. [from 9th c.] quotations ▼&quot;, was &quot;&quot;, was &quot;&quot;, was &quot;&quot;, was &quot;The fruit of the Tree of Knowledge, eaten by Adam and Eve according to post-Biblical Christian tradition; the forbidden fruit. [from 11th c.] quotations ▼&quot;, was &quot;&quot;, was &quot;&quot;, was &quot;A tree of the genus Malus, especially one cultivated for its edible fruit; the apple tree. [from 15th c.] quotations ▼&quot;, was &quot;&quot;, was &quot;&quot;, was &quot;&quot;, was &quot;&quot;, was &quot;The wood of the apple tree. [from 19th c.]&quot;, was &quot;(in the plural, Cockney rhyming slang) Short for apples and pears, slang for stairs. [from 20th c.]&quot;, was &quot;(baseball, slang, obsolete) The ball in baseball. [from 20th c.]&quot;, was &quot;(informal) When smiling, the round, fleshy part of the cheeks between the eyes and the corners of the mouth.&quot;, was &quot;(pejorative, ethnic slur) A Native American or red-skinned person who acts and/or thinks like a white (Caucasian) person. quotations ▼&quot;, was &quot;&quot;, was &quot;&quot;" type="java.lang.AssertionError">java.lang.AssertionError: 
Expected: a collection containing a string containing &quot;A common, round frt produced by the tree Malus domestica, cultivated in temperate climates.&quot;
     but: was &quot;A common, round fruit produced by the tree Malus domestica, cultivated in temperate climates. [from 9th c.] quotations ▼&quot;, was &quot;&quot;, was &quot;&quot;, was &quot;&quot;, was &quot;Any of various tree-borne fruits or vegetables especially considered as resembling an apple; also (with qualifying words) used to form the names of other specific fruits such as custard apple, rose apple, thorn apple etc. [from 9th c.] quotations ▼&quot;, was &quot;&quot;, was &quot;&quot;, was &quot;&quot;, was &quot;The fruit of the Tree of Knowledge, eaten by Adam and Eve according to post-Biblical Christian tradition; the forbidden fruit. [from 11th c.] quotations ▼&quot;, was &quot;&quot;, was &quot;&quot;, was &quot;A tree of the genus Malus, especially one cultivated for its edible fruit; the apple tree. [from 15th c.] quotations ▼&quot;, was &quot;&quot;, was &quot;&quot;, was &quot;&quot;, was &quot;&quot;, was &quot;The wood of the apple tree. [from 19th c.]&quot;, was &quot;(in the plural, Cockney rhyming slang) Short for apples and pears, slang for stairs. [from 20th c.]&quot;, was &quot;(baseball, slang, obsolete) The ball in baseball. [from 20th c.]&quot;, was &quot;(informal) When smiling, the round, fleshy part of the cheeks between the eyes and the corners of the mouth.&quot;, was &quot;(pejorative, ethnic slur) A Native American or red-skinned person who acts and/or thinks like a white (Caucasian) person. quotations ▼&quot;, was &quot;&quot;, was &quot;&quot;
	at org.hamcrest.MatcherAssert.assertThat(MatcherAssert.java:20)
	at org.hamcrest.MatcherAssert.assertThat(MatcherAssert.java:8)
	at application.steps.serenity.EndUserSteps.should_see_definition(EndUserSteps.java:28)
	at application.steps.serenity.EndUserSteps$$EnhancerByCGLIB$$bde4a7fb.CGLIB$should_see_definition$3(&lt;generated&gt;)
	at application.steps.serenity.EndUserSteps$$EnhancerByCGLIB$$bde4a7fb$$FastClassByCGLIB$$2a0ee4c4.invoke(&lt;generated&gt;)
	at net.sf.cglib.proxy.MethodProxy.invokeSuper(MethodProxy.java:228)
	at net.thucydides.core.steps.StepInterceptor.invokeMethod(StepInterceptor.java:395)
	at net.thucydides.core.steps.StepInterceptor.executeTestStepMethod(StepInterceptor.java:380)
	at net.thucydides.core.steps.StepInterceptor.runTestStep(StepInterceptor.java:355)
	at net.thucydides.core.steps.StepInterceptor.testStepResult(StepInterceptor.java:132)
	at net.thucydides.core.steps.StepInterceptor.intercept(StepInterceptor.java:61)
	at application.steps.serenity.EndUserSteps$$EnhancerByCGLIB$$bde4a7fb.should_see_definition(&lt;generated&gt;)
	at application.steps.DefinitionSteps.thenTheyShouldSeeADefinitionContainingTheWords(DefinitionSteps.java:26)
	at ✽.Then they should see the definition 'A common, round frt produced by the tree Malus domestica, cultivated in temperate climates.'(consult_dictionary/DefinitionApple.feature:10)
</failure>
  </testcase>
  <system-out><![CDATA[]]></system-out>
  <system-err><![CDATA[Starting ChromeDriver 2.33.506106 (8a06c39c4582fbfbab6966dbb1c38a9173bfb1a2) on port 4079
Only local connections are allowed.
Dec 04, 2017 5:01:04 PM org.openqa.selenium.remote.ProtocolHandshake createSession
INFO: Detected dialect: OSS
]]></system-err>
</testsuite>
